<?xml version="1.0" encoding="UTF-8"?>
<!-- Generated by org.testng.reporters.JUnitReportReporter -->
<testsuite hostname="pankaj-admin" failures="0" tests="1" name="Airlines.AirlineTest" time="4.361" errors="0" timestamp="2024-12-20T00:00:18 IST" skipped="0">
  <testcase classname="Airlines.AirlineTest" name="CreateAirline" time="4.361"/>
  <system-out/>
</testsuite> <!-- Airlines.AirlineTest -->
